<?xml version="1.0" encoding="UTF-8"?>
<testng-results ignored="0" total="4" passed="1" failed="3" skipped="0">
  <reporter-output>
  </reporter-output>
  <suite started-at="2020-12-29T23:02:39 IST" name="Default suite" finished-at="2020-12-29T23:03:34 IST" duration-ms="55293">
    <groups>
    </groups>
    <test started-at="2020-12-29T23:02:39 IST" name="Default test" finished-at="2020-12-29T23:03:34 IST" duration-ms="55293">
      <class name="com.web.application.e2e.automator.testcases.FlightReservation">
        <test-method is-config="true" signature="springTestContextBeforeTestClass()[pri:0, instance:com.web.application.e2e.automator.testcases.FlightReservation@45efc20d]" started-at="2020-12-29T23:02:39 IST" name="springTestContextBeforeTestClass" finished-at="2020-12-29T23:02:39 IST" duration-ms="8" status="PASS">
          <reporter-output>
          </reporter-output>
        </test-method> <!-- springTestContextBeforeTestClass -->
        <test-method is-config="true" signature="springTestContextPrepareTestInstance()[pri:0, instance:com.web.application.e2e.automator.testcases.FlightReservation@45efc20d]" started-at="2020-12-29T23:02:39 IST" name="springTestContextPrepareTestInstance" finished-at="2020-12-29T23:02:55 IST" depends-on-methods="org.springframework.test.context.testng.AbstractTestNGSpringContextTests.springTestContextBeforeTestClass" duration-ms="15934" status="PASS">
          <reporter-output>
          </reporter-output>
        </test-method> <!-- springTestContextPrepareTestInstance -->
        <test-method is-config="true" signature="springTestContextBeforeTestMethod(java.lang.reflect.Method)[pri:0, instance:com.web.application.e2e.automator.testcases.FlightReservation@45efc20d]" started-at="2020-12-29T23:02:55 IST" name="springTestContextBeforeTestMethod" finished-at="2020-12-29T23:02:55 IST" duration-ms="2" status="PASS">
          <params>
            <param index="0">
              <value>
                <![CDATA[public void com.web.application.e2e.automator.testcases.FlightReservation.flightReservation(com.web.application.e2e.automator.datajpa.entity.Flightdetails)]]>
              </value>
            </param>
          </params>
          <reporter-output>
          </reporter-output>
        </test-method> <!-- springTestContextBeforeTestMethod -->
        <test-method is-config="true" signature="setUp()[pri:0, instance:com.web.application.e2e.automator.testcases.FlightReservation@45efc20d]" started-at="2020-12-29T23:02:55 IST" name="setUp" finished-at="2020-12-29T23:02:55 IST" duration-ms="1" status="PASS">
          <reporter-output>
          </reporter-output>
        </test-method> <!-- setUp -->
        <test-method signature="flightReservation(com.web.application.e2e.automator.datajpa.entity.Flightdetails)[pri:0, instance:com.web.application.e2e.automator.testcases.FlightReservation@45efc20d]" started-at="2020-12-29T23:02:55 IST" name="flightReservation" data-provider="FlightReservation" finished-at="2020-12-29T23:03:30 IST" duration-ms="35395" status="PASS">
          <params>
            <param index="0">
              <value>
                <![CDATA[com.web.application.e2e.automator.datajpa.entity.Flightdetails@74bbc273]]>
              </value>
            </param>
          </params>
          <reporter-output>
          </reporter-output>
        </test-method> <!-- flightReservation -->
        <test-method is-config="true" signature="tearDown()[pri:0, instance:com.web.application.e2e.automator.testcases.FlightReservation@45efc20d]" started-at="2020-12-29T23:03:30 IST" name="tearDown" finished-at="2020-12-29T23:03:31 IST" duration-ms="503" status="PASS">
          <reporter-output>
          </reporter-output>
        </test-method> <!-- tearDown -->
        <test-method is-config="true" signature="springTestContextAfterTestMethod(java.lang.reflect.Method)[pri:0, instance:com.web.application.e2e.automator.testcases.FlightReservation@45efc20d]" started-at="2020-12-29T23:03:31 IST" name="springTestContextAfterTestMethod" finished-at="2020-12-29T23:03:31 IST" duration-ms="2" status="PASS">
          <params>
            <param index="0">
              <value>
                <![CDATA[public void com.web.application.e2e.automator.testcases.FlightReservation.flightReservation(com.web.application.e2e.automator.datajpa.entity.Flightdetails)]]>
              </value>
            </param>
          </params>
          <reporter-output>
          </reporter-output>
        </test-method> <!-- springTestContextAfterTestMethod -->
        <test-method is-config="true" signature="springTestContextBeforeTestMethod(java.lang.reflect.Method)[pri:0, instance:com.web.application.e2e.automator.testcases.FlightReservation@45efc20d]" started-at="2020-12-29T23:03:31 IST" name="springTestContextBeforeTestMethod" finished-at="2020-12-29T23:03:31 IST" duration-ms="0" status="PASS">
          <params>
            <param index="0">
              <value>
                <![CDATA[public void com.web.application.e2e.automator.testcases.FlightReservation.flightReservation(com.web.application.e2e.automator.datajpa.entity.Flightdetails)]]>
              </value>
            </param>
          </params>
          <reporter-output>
          </reporter-output>
        </test-method> <!-- springTestContextBeforeTestMethod -->
        <test-method is-config="true" signature="setUp()[pri:0, instance:com.web.application.e2e.automator.testcases.FlightReservation@45efc20d]" started-at="2020-12-29T23:03:31 IST" name="setUp" finished-at="2020-12-29T23:03:31 IST" duration-ms="1" status="PASS">
          <reporter-output>
          </reporter-output>
        </test-method> <!-- setUp -->
        <test-method signature="flightReservation(com.web.application.e2e.automator.datajpa.entity.Flightdetails)[pri:0, instance:com.web.application.e2e.automator.testcases.FlightReservation@45efc20d]" started-at="2020-12-29T23:03:31 IST" name="flightReservation" data-provider="FlightReservation" finished-at="2020-12-29T23:03:31 IST" duration-ms="577" status="FAIL">
          <params>
            <param index="0">
              <value>
                <![CDATA[com.web.application.e2e.automator.datajpa.entity.Flightdetails@5e541ef9]]>
              </value>
            </param>
          </params>
          <exception class="org.openqa.selenium.NoSuchElementException">
            <message>
              <![CDATA[Unable to locate element: //a[text()='SIGN-ON']
For documentation on this error, please visit: https://www.seleniumhq.org/exceptions/no_such_element.html
Build info: version: '3.141.59', revision: 'e82be7d358', time: '2018-11-14T08:17:03'
System info: host: 'CTLT095', ip: '192.168.29.179', os.name: 'Windows 10', os.arch: 'amd64', os.version: '10.0', java.version: '11.0.8'
Driver info: io.testproject.sdk.drivers.web.RemoteWebDriver
Capabilities {acceptInsecureCerts: true, browserName: firefox, browserVersion: 84.0.1, javascriptEnabled: true, moz:accessibilityChecks: false, moz:buildID: 20201221152838, moz:geckodriverVersion: 0.27.0, moz:headless: false, moz:processID: 8988.0, moz:profile: C:\Users\mvinoth\AppData\Lo..., moz:shutdownTimeout: 60000.0, moz:useNonSpecCompliantPointerOrigin: false, moz:webdriverClick: true, pageLoadStrategy: normal, platform: WINDOWS, platformName: WINDOWS, platformVersion: 10.0, rotatable: false, setWindowRect: true, strictFileInteractability: false, timeouts: {implicit: 0.0, pageLoad: 300000.0, script: 30000.0}, tp:guid: 5fcf732e-9e35-4955-9bb3-1e8..., unhandledPromptBehavior: dismiss and notify, webdriver.remote.sessionid: c1e9b18c-f91f-496e-8892-efa...}
Session ID: c1e9b18c-f91f-496e-8892-efa9b5f45fdb
*** Element info: {Using=xpath, value=//a[text()='SIGN-ON']}]]>
            </message>
            <full-stacktrace>
              <![CDATA[org.openqa.selenium.NoSuchElementException: Unable to locate element: //a[text()='SIGN-ON']
For documentation on this error, please visit: https://www.seleniumhq.org/exceptions/no_such_element.html
Build info: version: '3.141.59', revision: 'e82be7d358', time: '2018-11-14T08:17:03'
System info: host: 'CTLT095', ip: '192.168.29.179', os.name: 'Windows 10', os.arch: 'amd64', os.version: '10.0', java.version: '11.0.8'
Driver info: io.testproject.sdk.drivers.web.RemoteWebDriver
Capabilities {acceptInsecureCerts: true, browserName: firefox, browserVersion: 84.0.1, javascriptEnabled: true, moz:accessibilityChecks: false, moz:buildID: 20201221152838, moz:geckodriverVersion: 0.27.0, moz:headless: false, moz:processID: 8988.0, moz:profile: C:\Users\mvinoth\AppData\Lo..., moz:shutdownTimeout: 60000.0, moz:useNonSpecCompliantPointerOrigin: false, moz:webdriverClick: true, pageLoadStrategy: normal, platform: WINDOWS, platformName: WINDOWS, platformVersion: 10.0, rotatable: false, setWindowRect: true, strictFileInteractability: false, timeouts: {implicit: 0.0, pageLoad: 300000.0, script: 30000.0}, tp:guid: 5fcf732e-9e35-4955-9bb3-1e8..., unhandledPromptBehavior: dismiss and notify, webdriver.remote.sessionid: c1e9b18c-f91f-496e-8892-efa...}
Session ID: c1e9b18c-f91f-496e-8892-efa9b5f45fdb
*** Element info: {Using=xpath, value=//a[text()='SIGN-ON']}
at java.base/jdk.internal.reflect.NativeConstructorAccessorImpl.newInstance0(Native Method)
at java.base/jdk.internal.reflect.NativeConstructorAccessorImpl.newInstance(NativeConstructorAccessorImpl.java:62)
at java.base/jdk.internal.reflect.DelegatingConstructorAccessorImpl.newInstance(DelegatingConstructorAccessorImpl.java:45)
at java.base/java.lang.reflect.Constructor.newInstance(Constructor.java:490)
at org.openqa.selenium.remote.http.W3CHttpResponseCodec.createException(W3CHttpResponseCodec.java:187)
at org.openqa.selenium.remote.http.W3CHttpResponseCodec.decode(W3CHttpResponseCodec.java:122)
at org.openqa.selenium.remote.http.W3CHttpResponseCodec.decode(W3CHttpResponseCodec.java:49)
at org.openqa.selenium.remote.HttpCommandExecutor.execute(HttpCommandExecutor.java:158)
at io.testproject.sdk.internal.helpers.CustomHttpCommandExecutor.execute(CustomHttpCommandExecutor.java:112)
at io.testproject.sdk.internal.helpers.CustomHttpCommandExecutor.execute(CustomHttpCommandExecutor.java:96)
at org.openqa.selenium.remote.RemoteWebDriver.execute(RemoteWebDriver.java:552)
at org.openqa.selenium.remote.RemoteWebDriver.findElement(RemoteWebDriver.java:323)
at org.openqa.selenium.remote.RemoteWebDriver.findElementByXPath(RemoteWebDriver.java:428)
at org.openqa.selenium.By$ByXPath.findElement(By.java:353)
at org.openqa.selenium.remote.RemoteWebDriver.findElement(RemoteWebDriver.java:315)
at org.openqa.selenium.support.pagefactory.DefaultElementLocator.findElement(DefaultElementLocator.java:69)
at org.openqa.selenium.support.pagefactory.internal.LocatingElementHandler.invoke(LocatingElementHandler.java:38)
at com.sun.proxy.$Proxy106.isDisplayed(Unknown Source)
at java.base/java.util.function.Predicate.lambda$and$0(Predicate.java:69)
at com.web.application.e2e.automator.basepage.BasePage.verifyWhether(BasePage.java:54)
at com.web.application.e2e.automator.flights.pages.FlightHomePage.lambda$hasItLoaded$0(FlightHomePage.java:44)
at org.awaitility.core.CallableCondition$ConditionEvaluationWrapper.eval(CallableCondition.java:99)
at org.awaitility.core.ConditionAwaiter$ConditionPoller.call(ConditionAwaiter.java:222)
at org.awaitility.core.ConditionAwaiter$ConditionPoller.call(ConditionAwaiter.java:209)
at java.base/java.util.concurrent.FutureTask.run(FutureTask.java:264)
at java.base/java.util.concurrent.ThreadPoolExecutor.runWorker(ThreadPoolExecutor.java:1128)
at java.base/java.util.concurrent.ThreadPoolExecutor$Worker.run(ThreadPoolExecutor.java:628)
at java.base/java.lang.Thread.run(Thread.java:834)
]]>
            </full-stacktrace>
          </exception> <!-- org.openqa.selenium.NoSuchElementException -->
          <reporter-output>
          </reporter-output>
        </test-method> <!-- flightReservation -->
        <test-method is-config="true" signature="tearDown()[pri:0, instance:com.web.application.e2e.automator.testcases.FlightReservation@45efc20d]" started-at="2020-12-29T23:03:31 IST" name="tearDown" finished-at="2020-12-29T23:03:32 IST" duration-ms="500" status="PASS">
          <reporter-output>
          </reporter-output>
        </test-method> <!-- tearDown -->
        <test-method is-config="true" signature="springTestContextAfterTestMethod(java.lang.reflect.Method)[pri:0, instance:com.web.application.e2e.automator.testcases.FlightReservation@45efc20d]" started-at="2020-12-29T23:03:32 IST" name="springTestContextAfterTestMethod" finished-at="2020-12-29T23:03:32 IST" duration-ms="0" status="PASS">
          <params>
            <param index="0">
              <value>
                <![CDATA[public void com.web.application.e2e.automator.testcases.FlightReservation.flightReservation(com.web.application.e2e.automator.datajpa.entity.Flightdetails)]]>
              </value>
            </param>
          </params>
          <reporter-output>
          </reporter-output>
        </test-method> <!-- springTestContextAfterTestMethod -->
        <test-method signature="flightReservation(com.web.application.e2e.automator.datajpa.entity.Flightdetails)[pri:0, instance:com.web.application.e2e.automator.testcases.FlightReservation@45efc20d]" started-at="2020-12-29T23:03:32 IST" name="flightReservation" data-provider="FlightReservation" finished-at="2020-12-29T23:03:32 IST" duration-ms="577" status="FAIL">
          <params>
            <param index="0">
              <value>
                <![CDATA[com.web.application.e2e.automator.datajpa.entity.Flightdetails@38054d01]]>
              </value>
            </param>
          </params>
          <exception class="org.openqa.selenium.NoSuchElementException">
            <message>
              <![CDATA[Unable to locate element: //a[text()='SIGN-ON']
For documentation on this error, please visit: https://www.seleniumhq.org/exceptions/no_such_element.html
Build info: version: '3.141.59', revision: 'e82be7d358', time: '2018-11-14T08:17:03'
System info: host: 'CTLT095', ip: '192.168.29.179', os.name: 'Windows 10', os.arch: 'amd64', os.version: '10.0', java.version: '11.0.8'
Driver info: io.testproject.sdk.drivers.web.RemoteWebDriver
Capabilities {acceptInsecureCerts: true, browserName: firefox, browserVersion: 84.0.1, javascriptEnabled: true, moz:accessibilityChecks: false, moz:buildID: 20201221152838, moz:geckodriverVersion: 0.27.0, moz:headless: false, moz:processID: 8988.0, moz:profile: C:\Users\mvinoth\AppData\Lo..., moz:shutdownTimeout: 60000.0, moz:useNonSpecCompliantPointerOrigin: false, moz:webdriverClick: true, pageLoadStrategy: normal, platform: WINDOWS, platformName: WINDOWS, platformVersion: 10.0, rotatable: false, setWindowRect: true, strictFileInteractability: false, timeouts: {implicit: 0.0, pageLoad: 300000.0, script: 30000.0}, tp:guid: 5fcf732e-9e35-4955-9bb3-1e8..., unhandledPromptBehavior: dismiss and notify, webdriver.remote.sessionid: c1e9b18c-f91f-496e-8892-efa...}
Session ID: c1e9b18c-f91f-496e-8892-efa9b5f45fdb
*** Element info: {Using=xpath, value=//a[text()='SIGN-ON']}]]>
            </message>
            <full-stacktrace>
              <![CDATA[org.openqa.selenium.NoSuchElementException: Unable to locate element: //a[text()='SIGN-ON']
For documentation on this error, please visit: https://www.seleniumhq.org/exceptions/no_such_element.html
Build info: version: '3.141.59', revision: 'e82be7d358', time: '2018-11-14T08:17:03'
System info: host: 'CTLT095', ip: '192.168.29.179', os.name: 'Windows 10', os.arch: 'amd64', os.version: '10.0', java.version: '11.0.8'
Driver info: io.testproject.sdk.drivers.web.RemoteWebDriver
Capabilities {acceptInsecureCerts: true, browserName: firefox, browserVersion: 84.0.1, javascriptEnabled: true, moz:accessibilityChecks: false, moz:buildID: 20201221152838, moz:geckodriverVersion: 0.27.0, moz:headless: false, moz:processID: 8988.0, moz:profile: C:\Users\mvinoth\AppData\Lo..., moz:shutdownTimeout: 60000.0, moz:useNonSpecCompliantPointerOrigin: false, moz:webdriverClick: true, pageLoadStrategy: normal, platform: WINDOWS, platformName: WINDOWS, platformVersion: 10.0, rotatable: false, setWindowRect: true, strictFileInteractability: false, timeouts: {implicit: 0.0, pageLoad: 300000.0, script: 30000.0}, tp:guid: 5fcf732e-9e35-4955-9bb3-1e8..., unhandledPromptBehavior: dismiss and notify, webdriver.remote.sessionid: c1e9b18c-f91f-496e-8892-efa...}
Session ID: c1e9b18c-f91f-496e-8892-efa9b5f45fdb
*** Element info: {Using=xpath, value=//a[text()='SIGN-ON']}
at java.base/jdk.internal.reflect.NativeConstructorAccessorImpl.newInstance0(Native Method)
at java.base/jdk.internal.reflect.NativeConstructorAccessorImpl.newInstance(NativeConstructorAccessorImpl.java:62)
at java.base/jdk.internal.reflect.DelegatingConstructorAccessorImpl.newInstance(DelegatingConstructorAccessorImpl.java:45)
at java.base/java.lang.reflect.Constructor.newInstance(Constructor.java:490)
at org.openqa.selenium.remote.http.W3CHttpResponseCodec.createException(W3CHttpResponseCodec.java:187)
at org.openqa.selenium.remote.http.W3CHttpResponseCodec.decode(W3CHttpResponseCodec.java:122)
at org.openqa.selenium.remote.http.W3CHttpResponseCodec.decode(W3CHttpResponseCodec.java:49)
at org.openqa.selenium.remote.HttpCommandExecutor.execute(HttpCommandExecutor.java:158)
at io.testproject.sdk.internal.helpers.CustomHttpCommandExecutor.execute(CustomHttpCommandExecutor.java:112)
at io.testproject.sdk.internal.helpers.CustomHttpCommandExecutor.execute(CustomHttpCommandExecutor.java:96)
at org.openqa.selenium.remote.RemoteWebDriver.execute(RemoteWebDriver.java:552)
at org.openqa.selenium.remote.RemoteWebDriver.findElement(RemoteWebDriver.java:323)
at org.openqa.selenium.remote.RemoteWebDriver.findElementByXPath(RemoteWebDriver.java:428)
at org.openqa.selenium.By$ByXPath.findElement(By.java:353)
at org.openqa.selenium.remote.RemoteWebDriver.findElement(RemoteWebDriver.java:315)
at org.openqa.selenium.support.pagefactory.DefaultElementLocator.findElement(DefaultElementLocator.java:69)
at org.openqa.selenium.support.pagefactory.internal.LocatingElementHandler.invoke(LocatingElementHandler.java:38)
at com.sun.proxy.$Proxy106.isDisplayed(Unknown Source)
at java.base/java.util.function.Predicate.lambda$and$0(Predicate.java:69)
at com.web.application.e2e.automator.basepage.BasePage.verifyWhether(BasePage.java:54)
at com.web.application.e2e.automator.flights.pages.FlightHomePage.lambda$hasItLoaded$0(FlightHomePage.java:44)
at org.awaitility.core.CallableCondition$ConditionEvaluationWrapper.eval(CallableCondition.java:99)
at org.awaitility.core.ConditionAwaiter$ConditionPoller.call(ConditionAwaiter.java:222)
at org.awaitility.core.ConditionAwaiter$ConditionPoller.call(ConditionAwaiter.java:209)
at java.base/java.util.concurrent.FutureTask.run(FutureTask.java:264)
at java.base/java.util.concurrent.ThreadPoolExecutor.runWorker(ThreadPoolExecutor.java:1128)
at java.base/java.util.concurrent.ThreadPoolExecutor$Worker.run(ThreadPoolExecutor.java:628)
at java.base/java.lang.Thread.run(Thread.java:834)
]]>
            </full-stacktrace>
          </exception> <!-- org.openqa.selenium.NoSuchElementException -->
          <reporter-output>
          </reporter-output>
        </test-method> <!-- flightReservation -->
        <test-method is-config="true" signature="setUp()[pri:0, instance:com.web.application.e2e.automator.testcases.FlightReservation@45efc20d]" started-at="2020-12-29T23:03:32 IST" name="setUp" finished-at="2020-12-29T23:03:32 IST" duration-ms="0" status="PASS">
          <reporter-output>
          </reporter-output>
        </test-method> <!-- setUp -->
        <test-method is-config="true" signature="springTestContextBeforeTestMethod(java.lang.reflect.Method)[pri:0, instance:com.web.application.e2e.automator.testcases.FlightReservation@45efc20d]" started-at="2020-12-29T23:03:32 IST" name="springTestContextBeforeTestMethod" finished-at="2020-12-29T23:03:32 IST" duration-ms="0" status="PASS">
          <params>
            <param index="0">
              <value>
                <![CDATA[public void com.web.application.e2e.automator.testcases.FlightReservation.flightReservation(com.web.application.e2e.automator.datajpa.entity.Flightdetails)]]>
              </value>
            </param>
          </params>
          <reporter-output>
          </reporter-output>
        </test-method> <!-- springTestContextBeforeTestMethod -->
        <test-method is-config="true" signature="tearDown()[pri:0, instance:com.web.application.e2e.automator.testcases.FlightReservation@45efc20d]" started-at="2020-12-29T23:03:32 IST" name="tearDown" finished-at="2020-12-29T23:03:33 IST" duration-ms="501" status="PASS">
          <reporter-output>
          </reporter-output>
        </test-method> <!-- tearDown -->
        <test-method is-config="true" signature="springTestContextAfterTestMethod(java.lang.reflect.Method)[pri:0, instance:com.web.application.e2e.automator.testcases.FlightReservation@45efc20d]" started-at="2020-12-29T23:03:33 IST" name="springTestContextAfterTestMethod" finished-at="2020-12-29T23:03:33 IST" duration-ms="1" status="PASS">
          <params>
            <param index="0">
              <value>
                <![CDATA[public void com.web.application.e2e.automator.testcases.FlightReservation.flightReservation(com.web.application.e2e.automator.datajpa.entity.Flightdetails)]]>
              </value>
            </param>
          </params>
          <reporter-output>
          </reporter-output>
        </test-method> <!-- springTestContextAfterTestMethod -->
        <test-method is-config="true" signature="springTestContextBeforeTestMethod(java.lang.reflect.Method)[pri:0, instance:com.web.application.e2e.automator.testcases.FlightReservation@45efc20d]" started-at="2020-12-29T23:03:33 IST" name="springTestContextBeforeTestMethod" finished-at="2020-12-29T23:03:33 IST" duration-ms="1" status="PASS">
          <params>
            <param index="0">
              <value>
                <![CDATA[public void com.web.application.e2e.automator.testcases.FlightReservation.flightReservation(com.web.application.e2e.automator.datajpa.entity.Flightdetails)]]>
              </value>
            </param>
          </params>
          <reporter-output>
          </reporter-output>
        </test-method> <!-- springTestContextBeforeTestMethod -->
        <test-method is-config="true" signature="setUp()[pri:0, instance:com.web.application.e2e.automator.testcases.FlightReservation@45efc20d]" started-at="2020-12-29T23:03:33 IST" name="setUp" finished-at="2020-12-29T23:03:33 IST" duration-ms="0" status="PASS">
          <reporter-output>
          </reporter-output>
        </test-method> <!-- setUp -->
        <test-method signature="flightReservation(com.web.application.e2e.automator.datajpa.entity.Flightdetails)[pri:0, instance:com.web.application.e2e.automator.testcases.FlightReservation@45efc20d]" started-at="2020-12-29T23:03:33 IST" name="flightReservation" data-provider="FlightReservation" finished-at="2020-12-29T23:03:33 IST" duration-ms="588" status="FAIL">
          <params>
            <param index="0">
              <value>
                <![CDATA[com.web.application.e2e.automator.datajpa.entity.Flightdetails@28ce75ec]]>
              </value>
            </param>
          </params>
          <exception class="org.openqa.selenium.NoSuchElementException">
            <message>
              <![CDATA[Unable to locate element: //a[text()='SIGN-ON']
For documentation on this error, please visit: https://www.seleniumhq.org/exceptions/no_such_element.html
Build info: version: '3.141.59', revision: 'e82be7d358', time: '2018-11-14T08:17:03'
System info: host: 'CTLT095', ip: '192.168.29.179', os.name: 'Windows 10', os.arch: 'amd64', os.version: '10.0', java.version: '11.0.8'
Driver info: io.testproject.sdk.drivers.web.RemoteWebDriver
Capabilities {acceptInsecureCerts: true, browserName: firefox, browserVersion: 84.0.1, javascriptEnabled: true, moz:accessibilityChecks: false, moz:buildID: 20201221152838, moz:geckodriverVersion: 0.27.0, moz:headless: false, moz:processID: 8988.0, moz:profile: C:\Users\mvinoth\AppData\Lo..., moz:shutdownTimeout: 60000.0, moz:useNonSpecCompliantPointerOrigin: false, moz:webdriverClick: true, pageLoadStrategy: normal, platform: WINDOWS, platformName: WINDOWS, platformVersion: 10.0, rotatable: false, setWindowRect: true, strictFileInteractability: false, timeouts: {implicit: 0.0, pageLoad: 300000.0, script: 30000.0}, tp:guid: 5fcf732e-9e35-4955-9bb3-1e8..., unhandledPromptBehavior: dismiss and notify, webdriver.remote.sessionid: c1e9b18c-f91f-496e-8892-efa...}
Session ID: c1e9b18c-f91f-496e-8892-efa9b5f45fdb
*** Element info: {Using=xpath, value=//a[text()='SIGN-ON']}]]>
            </message>
            <full-stacktrace>
              <![CDATA[org.openqa.selenium.NoSuchElementException: Unable to locate element: //a[text()='SIGN-ON']
For documentation on this error, please visit: https://www.seleniumhq.org/exceptions/no_such_element.html
Build info: version: '3.141.59', revision: 'e82be7d358', time: '2018-11-14T08:17:03'
System info: host: 'CTLT095', ip: '192.168.29.179', os.name: 'Windows 10', os.arch: 'amd64', os.version: '10.0', java.version: '11.0.8'
Driver info: io.testproject.sdk.drivers.web.RemoteWebDriver
Capabilities {acceptInsecureCerts: true, browserName: firefox, browserVersion: 84.0.1, javascriptEnabled: true, moz:accessibilityChecks: false, moz:buildID: 20201221152838, moz:geckodriverVersion: 0.27.0, moz:headless: false, moz:processID: 8988.0, moz:profile: C:\Users\mvinoth\AppData\Lo..., moz:shutdownTimeout: 60000.0, moz:useNonSpecCompliantPointerOrigin: false, moz:webdriverClick: true, pageLoadStrategy: normal, platform: WINDOWS, platformName: WINDOWS, platformVersion: 10.0, rotatable: false, setWindowRect: true, strictFileInteractability: false, timeouts: {implicit: 0.0, pageLoad: 300000.0, script: 30000.0}, tp:guid: 5fcf732e-9e35-4955-9bb3-1e8..., unhandledPromptBehavior: dismiss and notify, webdriver.remote.sessionid: c1e9b18c-f91f-496e-8892-efa...}
Session ID: c1e9b18c-f91f-496e-8892-efa9b5f45fdb
*** Element info: {Using=xpath, value=//a[text()='SIGN-ON']}
at java.base/jdk.internal.reflect.NativeConstructorAccessorImpl.newInstance0(Native Method)
at java.base/jdk.internal.reflect.NativeConstructorAccessorImpl.newInstance(NativeConstructorAccessorImpl.java:62)
at java.base/jdk.internal.reflect.DelegatingConstructorAccessorImpl.newInstance(DelegatingConstructorAccessorImpl.java:45)
at java.base/java.lang.reflect.Constructor.newInstance(Constructor.java:490)
at org.openqa.selenium.remote.http.W3CHttpResponseCodec.createException(W3CHttpResponseCodec.java:187)
at org.openqa.selenium.remote.http.W3CHttpResponseCodec.decode(W3CHttpResponseCodec.java:122)
at org.openqa.selenium.remote.http.W3CHttpResponseCodec.decode(W3CHttpResponseCodec.java:49)
at org.openqa.selenium.remote.HttpCommandExecutor.execute(HttpCommandExecutor.java:158)
at io.testproject.sdk.internal.helpers.CustomHttpCommandExecutor.execute(CustomHttpCommandExecutor.java:112)
at io.testproject.sdk.internal.helpers.CustomHttpCommandExecutor.execute(CustomHttpCommandExecutor.java:96)
at org.openqa.selenium.remote.RemoteWebDriver.execute(RemoteWebDriver.java:552)
at org.openqa.selenium.remote.RemoteWebDriver.findElement(RemoteWebDriver.java:323)
at org.openqa.selenium.remote.RemoteWebDriver.findElementByXPath(RemoteWebDriver.java:428)
at org.openqa.selenium.By$ByXPath.findElement(By.java:353)
at org.openqa.selenium.remote.RemoteWebDriver.findElement(RemoteWebDriver.java:315)
at org.openqa.selenium.support.pagefactory.DefaultElementLocator.findElement(DefaultElementLocator.java:69)
at org.openqa.selenium.support.pagefactory.internal.LocatingElementHandler.invoke(LocatingElementHandler.java:38)
at com.sun.proxy.$Proxy106.isDisplayed(Unknown Source)
at java.base/java.util.function.Predicate.lambda$and$0(Predicate.java:69)
at com.web.application.e2e.automator.basepage.BasePage.verifyWhether(BasePage.java:54)
at com.web.application.e2e.automator.flights.pages.FlightHomePage.lambda$hasItLoaded$0(FlightHomePage.java:44)
at org.awaitility.core.CallableCondition$ConditionEvaluationWrapper.eval(CallableCondition.java:99)
at org.awaitility.core.ConditionAwaiter$ConditionPoller.call(ConditionAwaiter.java:222)
at org.awaitility.core.ConditionAwaiter$ConditionPoller.call(ConditionAwaiter.java:209)
at java.base/java.util.concurrent.FutureTask.run(FutureTask.java:264)
at java.base/java.util.concurrent.ThreadPoolExecutor.runWorker(ThreadPoolExecutor.java:1128)
at java.base/java.util.concurrent.ThreadPoolExecutor$Worker.run(ThreadPoolExecutor.java:628)
at java.base/java.lang.Thread.run(Thread.java:834)
]]>
            </full-stacktrace>
          </exception> <!-- org.openqa.selenium.NoSuchElementException -->
          <reporter-output>
          </reporter-output>
        </test-method> <!-- flightReservation -->
        <test-method is-config="true" signature="tearDown()[pri:0, instance:com.web.application.e2e.automator.testcases.FlightReservation@45efc20d]" started-at="2020-12-29T23:03:33 IST" name="tearDown" finished-at="2020-12-29T23:03:34 IST" duration-ms="501" status="PASS">
          <reporter-output>
          </reporter-output>
        </test-method> <!-- tearDown -->
        <test-method is-config="true" signature="springTestContextAfterTestMethod(java.lang.reflect.Method)[pri:0, instance:com.web.application.e2e.automator.testcases.FlightReservation@45efc20d]" started-at="2020-12-29T23:03:34 IST" name="springTestContextAfterTestMethod" finished-at="2020-12-29T23:03:34 IST" duration-ms="1" status="PASS">
          <params>
            <param index="0">
              <value>
                <![CDATA[public void com.web.application.e2e.automator.testcases.FlightReservation.flightReservation(com.web.application.e2e.automator.datajpa.entity.Flightdetails)]]>
              </value>
            </param>
          </params>
          <reporter-output>
          </reporter-output>
        </test-method> <!-- springTestContextAfterTestMethod -->
        <test-method is-config="true" signature="springTestContextAfterTestClass()[pri:0, instance:com.web.application.e2e.automator.testcases.FlightReservation@45efc20d]" started-at="2020-12-29T23:03:34 IST" name="springTestContextAfterTestClass" finished-at="2020-12-29T23:03:34 IST" duration-ms="2" status="PASS">
          <reporter-output>
          </reporter-output>
        </test-method> <!-- springTestContextAfterTestClass -->
      </class> <!-- com.web.application.e2e.automator.testcases.FlightReservation -->
    </test> <!-- Default test -->
  </suite> <!-- Default suite -->
</testng-results>
